Assign cluster:c0 to chip:0, coreId4
Binary: chip0.binary
numCores=1
coreId=4, numCells=16
cellId=0(0), fanoutCores=1
	chipID:0 coreId:4 synMapOffset:0
	fanoutNums:2
		4
		1
cellId=1(1), fanoutCores=1
	chipID:0 coreId:4 synMapOffset:2
	fanoutNums:3
		0
		5
		2
cellId=10(10), fanoutCores=1
	chipID:0 coreId:4 synMapOffset:4
	fanoutNums:4
		6
		9
		14
		11
cellId=11(11), fanoutCores=1
	chipID:0 coreId:4 synMapOffset:6
	fanoutNums:3
		7
		10
		15
cellId=12(12), fanoutCores=1
	chipID:0 coreId:4 synMapOffset:8
	fanoutNums:2
		8
		13
cellId=13(13), fanoutCores=1
	chipID:0 coreId:4 synMapOffset:10
	fanoutNums:3
		12
		9
		14
cellId=14(14), fanoutCores=1
	chipID:0 coreId:4 synMapOffset:12
	fanoutNums:3
		13
		10
		15
cellId=15(15), fanoutCores=1
	chipID:0 coreId:4 synMapOffset:14
	fanoutNums:2
		14
		11
cellId=2(2), fanoutCores=1
	chipID:0 coreId:4 synMapOffset:16
	fanoutNums:3
		1
		3
		6
cellId=3(3), fanoutCores=1
	chipID:0 coreId:4 synMapOffset:18
	fanoutNums:2
		2
		7
cellId=4(4), fanoutCores=1
	chipID:0 coreId:4 synMapOffset:20
	fanoutNums:3
		0
		5
		8
cellId=5(5), fanoutCores=1
	chipID:0 coreId:4 synMapOffset:22
	fanoutNums:4
		4
		1
		6
		9
cellId=6(6), fanoutCores=1
	chipID:0 coreId:4 synMapOffset:24
	fanoutNums:4
		5
		2
		7
		10
cellId=7(7), fanoutCores=1
	chipID:0 coreId:4 synMapOffset:26
	fanoutNums:3
		3
		6
		11
cellId=8(8), fanoutCores=1
	chipID:0 coreId:4 synMapOffset:28
	fanoutNums:3
		4
		12
		9
cellId=9(9), fanoutCores=1
	chipID:0 coreId:4 synMapOffset:30
	fanoutNums:4
		5
		8
		13
		10
numSynapses:16
fanins:16
	synMapOffset:0
	numNeurons:2
		4,2,0
		1,2,0
	synMapOffset:2
	numNeurons:3
		0,2,0
		5,2,0
		2,2,0
	synMapOffset:4
	numNeurons:4
		6,2,0
		9,2,0
		14,2,0
		11,2,0
	synMapOffset:6
	numNeurons:3
		7,2,0
		10,2,0
		15,2,0
	synMapOffset:8
	numNeurons:2
		8,2,0
		13,2,0
	synMapOffset:10
	numNeurons:3
		12,2,0
		9,2,0
		14,2,0
	synMapOffset:12
	numNeurons:3
		13,2,0
		10,2,0
		15,2,0
	synMapOffset:14
	numNeurons:2
		14,2,0
		11,2,0
	synMapOffset:16
	numNeurons:3
		1,2,0
		3,2,0
		6,2,0
	synMapOffset:18
	numNeurons:2
		2,2,0
		7,2,0
	synMapOffset:20
	numNeurons:3
		0,2,0
		5,2,0
		8,2,0
	synMapOffset:22
	numNeurons:4
		4,2,0
		1,2,0
		6,2,0
		9,2,0
	synMapOffset:24
	numNeurons:4
		5,2,0
		2,2,0
		7,2,0
		10,2,0
	synMapOffset:26
	numNeurons:3
		3,2,0
		6,2,0
		11,2,0
	synMapOffset:28
	numNeurons:3
		4,2,0
		12,2,0
		9,2,0
	synMapOffset:30
	numNeurons:4
		5,2,0
		8,2,0
		13,2,0
		10,2,0
Chip 0, off Chip Port: 0
